<?xml version="1.0" encoding="UTF-8"?>
<!-- Generated by org.testng.reporters.JUnitReportReporter -->
<testsuite hostname="Shyam_Why" failures="0" tests="1" name="TestCases.VerifyCartItems" time="1.180" errors="0" timestamp="2022-08-12T01:06:31 IST" skipped="0">
  <testcase classname="TestCases.VerifyCartItems" name="addItemsAndVerify" time="1.180"/>
  <system-out/>
</testsuite> <!-- TestCases.VerifyCartItems -->
