<?xml version="1.0" encoding="UTF-8"?>
<!-- Generated by org.testng.reporters.JUnitReportReporter -->
<testsuite hostname="Shyam_Why" failures="0" tests="6" name="TestCases.ContactPageTest" time="48.549" errors="0" timestamp="2022-08-12T16:51:59 IST" skipped="0">
  <testcase classname="TestCases.ContactPageTest" name="validateContactPage" time="1.189"/>
  <system-out/>
  <testcase classname="TestCases.ContactPageTest" name="validateContactPageValidSuccess" time="5.696"/>
  <system-out/>
  <testcase classname="TestCases.ContactPageTest" name="validateContactPageValidSuccess" time="12.398"/>
  <system-out/>
  <testcase classname="TestCases.ContactPageTest" name="validateContactPageValidSuccess" time="5.187"/>
  <system-out/>
  <testcase classname="TestCases.ContactPageTest" name="validateContactPageValidSuccess" time="5.137"/>
  <system-out/>
  <testcase classname="TestCases.ContactPageTest" name="validateContactPageValidSuccess" time="18.942"/>
  <system-out/>
</testsuite> <!-- TestCases.ContactPageTest -->
