<?xml version="1.0" encoding="UTF-8"?>
<!-- Generated by org.testng.reporters.JUnitReportReporter -->
<testsuite hostname="Shyam_Why" failures="0" tests="6" name="TestCases.ContactPageTest" time="33.792" errors="0" timestamp="2022-08-12T09:07:56 IST" skipped="1">
  <testcase classname="TestCases.ContactPageTest" name="validateContactPageValidSuccess" time="3.263"/>
  <system-out/>
  <testcase classname="TestCases.ContactPageTest" name="validateContactPageValidSuccess" time="15.643"/>
  <system-out/>
  <testcase classname="TestCases.ContactPageTest" name="validateContactPageValidSuccess" time="2.182"/>
  <system-out/>
  <testcase classname="TestCases.ContactPageTest" name="validateContactPageValidSuccess" time="3.729"/>
  <system-out/>
  <testcase classname="TestCases.ContactPageTest" name="validateContactPageValidSuccess" time="8.975"/>
  <system-out/>
  <testcase classname="TestCases.ContactPageTest" name="validateContactPage">
    <skipped/>
  </testcase> <!-- validateContactPage -->
  <system-out/>
</testsuite> <!-- TestCases.ContactPageTest -->
