<?xml version="1.0" encoding="UTF-8"?>
<!-- Generated by org.testng.reporters.JUnitReportReporter -->
<testsuite hostname="Shyam_Why" failures="0" tests="6" name="TestCases.ContactPageTest" time="47.964" errors="0" timestamp="2022-08-12T12:56:35 IST" skipped="0">
  <testcase classname="TestCases.ContactPageTest" name="validateContactPage" time="1.027"/>
  <system-out/>
  <testcase classname="TestCases.ContactPageTest" name="validateContactPageValidSuccess" time="6.990"/>
  <system-out/>
  <testcase classname="TestCases.ContactPageTest" name="validateContactPageValidSuccess" time="5.026"/>
  <system-out/>
  <testcase classname="TestCases.ContactPageTest" name="validateContactPageValidSuccess" time="14.536"/>
  <system-out/>
  <testcase classname="TestCases.ContactPageTest" name="validateContactPageValidSuccess" time="9.260"/>
  <system-out/>
  <testcase classname="TestCases.ContactPageTest" name="validateContactPageValidSuccess" time="11.125"/>
  <system-out/>
</testsuite> <!-- TestCases.ContactPageTest -->
