<?xml version="1.0" encoding="UTF-8"?>
<!-- Generated by org.testng.reporters.JUnitReportReporter -->
<testsuite hostname="Shyam_Why" failures="0" tests="2" name="TestCases.VerifyCartItemsTest" time="8.115" errors="0" timestamp="2022-08-12T16:51:59 IST" skipped="0">
  <testcase classname="TestCases.VerifyCartItemsTest" name="addItemsAndVerify" time="5.643"/>
  <system-out/>
  <testcase classname="TestCases.VerifyCartItemsTest" name="addItemsAndVerifyCartPrice" time="2.472"/>
  <system-out/>
</testsuite> <!-- TestCases.VerifyCartItemsTest -->
