<?xml version="1.0" encoding="UTF-8"?>
<!-- Generated by org.testng.reporters.JUnitReportReporter -->
<testsuite hostname="Shyam_Why" failures="0" tests="6" name="TestCases.ContactPageTest" time="0.000" errors="0" timestamp="2022-08-12T12:25:21 IST" skipped="6">
  <testcase classname="TestCases.ContactPageTest" name="validateContactPage" time="0.000">
    <skipped/>
  </testcase> <!-- validateContactPage -->
  <system-out/>
  <testcase classname="TestCases.ContactPageTest" name="validateContactPageValidSuccess" time="0.000">
    <skipped/>
  </testcase> <!-- validateContactPageValidSuccess -->
  <system-out/>
  <testcase classname="TestCases.ContactPageTest" name="validateContactPageValidSuccess" time="0.000">
    <skipped/>
  </testcase> <!-- validateContactPageValidSuccess -->
  <system-out/>
  <testcase classname="TestCases.ContactPageTest" name="validateContactPageValidSuccess" time="0.000">
    <skipped/>
  </testcase> <!-- validateContactPageValidSuccess -->
  <system-out/>
  <testcase classname="TestCases.ContactPageTest" name="validateContactPageValidSuccess" time="0.000">
    <skipped/>
  </testcase> <!-- validateContactPageValidSuccess -->
  <system-out/>
  <testcase classname="TestCases.ContactPageTest" name="validateContactPageValidSuccess" time="0.000">
    <skipped/>
  </testcase> <!-- validateContactPageValidSuccess -->
  <system-out/>
</testsuite> <!-- TestCases.ContactPageTest -->
