<?xml version="1.0" encoding="UTF-8"?>
<!-- Generated by org.testng.reporters.JUnitReportReporter -->
<testsuite hostname="Shyam_Why" failures="0" tests="2" name="TestCases.VerifyCartItemsTest" time="2.852" errors="0" timestamp="2022-08-12T11:19:00 IST" skipped="1">
  <testcase classname="TestCases.VerifyCartItemsTest" name="addItemsAndVerifyCartPrice" time="2.852"/>
  <system-out/>
  <testcase classname="TestCases.VerifyCartItemsTest" name="addItemsAndVerify">
    <skipped/>
  </testcase> <!-- addItemsAndVerify -->
  <system-out/>
</testsuite> <!-- TestCases.VerifyCartItemsTest -->
