<?xml version="1.0" encoding="UTF-8"?>
<!-- Generated by org.testng.reporters.JUnitReportReporter -->
<testsuite hostname="Shyam_Why" failures="0" tests="2" name="TestCases.ContactPageTest" time="1.935" errors="0" timestamp="2022-08-12T10:56:49 IST" skipped="1">
  <testcase classname="TestCases.ContactPageTest" name="validateContactPage" time="1.935"/>
  <system-out/>
  <testcase classname="TestCases.ContactPageTest" name="validateContactPageValidSuccess">
    <skipped/>
  </testcase> <!-- validateContactPageValidSuccess -->
  <system-out/>
</testsuite> <!-- TestCases.ContactPageTest -->
