<?xml version="1.0" encoding="UTF-8"?>
<!-- Generated by org.testng.reporters.JUnitReportReporter -->
<testsuite hostname="Shyam_Why" failures="0" tests="2" name="TestCases.contactPage" time="0.474" errors="0" timestamp="2022-08-11T15:16:52 IST" skipped="1">
  <testcase classname="TestCases.contactPage" name="valiadteContactPage" time="0.474"/>
  <system-out/>
  <testcase classname="TestCases.contactPage" name="validationErrors">
    <skipped/>
  </testcase> <!-- validationErrors -->
  <system-out/>
</testsuite> <!-- TestCases.contactPage -->
