<?xml version="1.0" encoding="UTF-8"?>
<!-- Generated by org.testng.reporters.JUnitReportReporter -->
<testsuite hostname="Shyam_Why" failures="0" tests="1" name="TestCases.VerifyCartItems" time="6.037" errors="0" timestamp="2022-08-12T00:50:34 IST" skipped="0">
  <testcase classname="TestCases.VerifyCartItems" name="addItemsAndVerify" time="6.037"/>
  <system-out/>
</testsuite> <!-- TestCases.VerifyCartItems -->
